<?xml version="1.0" encoding="UTF-8"?>
<!-- Generated by org.testng.reporters.JUnitReportReporter -->
<testsuite hostname="Khadizas-MacBook-Pro.local" failures="0" tests="1" name="com.PeopleNTech.Framework.om.PeopleNTech.Frame.HomeDepotCreate" time="18.766" errors="0" timestamp="2021-04-29T20:55:40 EDT" skipped="0">
  <testcase classname="com.PeopleNTech.Framework.om.PeopleNTech.Frame.HomeDepotCreate" name="f" time="18.766"/>
  <system-out/>
</testsuite> <!-- com.PeopleNTech.Framework.om.PeopleNTech.Frame.HomeDepotCreate -->
